[     145ms] [INFO] %cDownload the React DevTools for a better development experience: https://react.dev/link/react-devtools font-weight:bold @ http://localhost:3847/_next/static/chunks/11y7_next_dist_0bi0ewc._.js:2431
[     187ms] [LOG] [HMR] connected @ http://localhost:3847/_next/static/chunks/11y7_next_dist_0bi0ewc._.js:2431
[     381ms] [ERROR] Failed to load resource: the server responded with a status of 500 (Internal Server Error) @ http://localhost:3847/api/matchup:0
[   11943ms] [LOG] [Fast Refresh] rebuilding @ http://localhost:3847/_next/static/chunks/11y7_next_dist_0bi0ewc._.js:2431
[   11982ms] [LOG] [Fast Refresh] done in 140ms @ http://localhost:3847/_next/static/chunks/11y7_next_dist_0bi0ewc._.js:2431
[   14537ms] [ERROR] Failed to load resource: the server responded with a status of 500 (Internal Server Error) @ http://localhost:3847/api/matchup:0
[   14627ms] [ERROR] Failed to load resource: the server responded with a status of 500 (Internal Server Error) @ http://localhost:3847/api/matchup:0
[   25103ms] [LOG] [Fast Refresh] rebuilding @ http://localhost:3847/_next/static/chunks/11y7_next_dist_0bi0ewc._.js:2431
[   25130ms] [LOG] [Fast Refresh] done in 28ms @ http://localhost:3847/_next/static/chunks/11y7_next_dist_0bi0ewc._.js:2431
[   31607ms] [LOG] [Fast Refresh] rebuilding @ http://localhost:3847/_next/static/chunks/11y7_next_dist_0bi0ewc._.js:2431
[   31636ms] [LOG] [Fast Refresh] done in 22ms @ http://localhost:3847/_next/static/chunks/11y7_next_dist_0bi0ewc._.js:2431
[   37829ms] [LOG] [Fast Refresh] rebuilding @ http://localhost:3847/_next/static/chunks/11y7_next_dist_0bi0ewc._.js:2431
[   37858ms] [LOG] [Fast Refresh] done in 17ms @ http://localhost:3847/_next/static/chunks/11y7_next_dist_0bi0ewc._.js:2431
[   50046ms] [LOG] [Fast Refresh] rebuilding @ http://localhost:3847/_next/static/chunks/11y7_next_dist_0bi0ewc._.js:2431
[   50119ms] [LOG] [Fast Refresh] done in 66ms @ http://localhost:3847/_next/static/chunks/11y7_next_dist_0bi0ewc._.js:2431
[   50888ms] [ERROR] Failed to load resource: the server responded with a status of 500 (Internal Server Error) @ http://localhost:3847/api/matchup:0
[   56902ms] [LOG] [Fast Refresh] rebuilding @ http://localhost:3847/_next/static/chunks/11y7_next_dist_0bi0ewc._.js:2431
[   56943ms] [LOG] [Fast Refresh] done in 35ms @ http://localhost:3847/_next/static/chunks/11y7_next_dist_0bi0ewc._.js:2431
[   57224ms] [ERROR] Failed to load resource: the server responded with a status of 500 (Internal Server Error) @ http://localhost:3847/api/matchup:0
[   62805ms] [LOG] [Fast Refresh] rebuilding @ http://localhost:3847/_next/static/chunks/11y7_next_dist_0bi0ewc._.js:2431
[   62847ms] [LOG] [Fast Refresh] done in 25ms @ http://localhost:3847/_next/static/chunks/11y7_next_dist_0bi0ewc._.js:2431
[   62981ms] [ERROR] Failed to load resource: the server responded with a status of 500 (Internal Server Error) @ http://localhost:3847/api/matchup:0
[   73668ms] [LOG] [Fast Refresh] rebuilding @ http://localhost:3847/_next/static/chunks/11y7_next_dist_0bi0ewc._.js:2431
[   73706ms] [LOG] [Fast Refresh] done in 31ms @ http://localhost:3847/_next/static/chunks/11y7_next_dist_0bi0ewc._.js:2431
