[     442ms] [INFO] %cDownload the React DevTools for a better development experience: https://react.dev/link/react-devtools font-weight:bold @ http://localhost:3000/_next/static/chunks/11y7_next_dist_0bi0ewc._.js:2431
[     489ms] [LOG] [HMR] connected @ http://localhost:3000/_next/static/chunks/11y7_next_dist_0bi0ewc._.js:2431
[     517ms] [ERROR] A tree hydrated but some attributes of the server rendered HTML didn't match the client properties. This won't be patched up. This can happen if a SSR-ed Client Component used:

- A server/client branch `if (typeof window !== 'undefined')`.
- Variable input such as `Date.now()` or `Math.random()` which changes each time it's called.
- Date formatting in a user's locale which doesn't match the server.
- External changing data without sending a snapshot of it along with the HTML.
- Invalid HTML tag nesting.

It can also happen if the client has a browser extension installed which messes with the HTML before React loaded.

%s%s https://react.dev/link/hydration-mismatch 

  ...
    <InnerScrollAndFocusHandlerOld focusAndScrollRef={{scrollRef:null, ...}} cacheNode={{rsc:{...}, ...}}>
      <ErrorBoundary errorComponent={undefined} errorStyles={undefined} errorScripts={undefined}>
        <LoadingBoundary name="/" loading={null}>
          <HTTPAccessFallbackBoundary notFound={{...}} forbidden={undefined} unauthorized={undefined}>
            <HTTPAccessFallbackErrorBoundary pathname="/" notFound={{...}} forbidden={undefined} unauthorized={undefined} ...>
              <RedirectBoundary>
                <RedirectErrorBoundary router={{...}}>
                  <InnerLayoutRouter url="/" tree={[...]} params={{}} cacheNode={{rsc:{...}, ...}} segmentPath={[...]} ...>
                    <SegmentViewNode type="page" pagePath="page.tsx">
                      <SegmentTrieNode>
                      <ClientPageRoot Component={function VotePage} serverProvidedParams={{...}}>
                        <VotePage params={Promise} searchParams={Promise}>
                          <div className="h-dvh flex...">
                            <Header>
                            <main className="flex-1 fle...">
                              <section>
                              <div>
                              <div
+                               className="w-full max-w-xl space-y-3 shrink-0 pb-3"
-                               className="w-full max-w-xl space-y-3 shrink-0 pb-4"
                              >
                            ...
                    ...
                  ...
      ...
 @ http://localhost:3000/_next/static/chunks/11y7_next_dist_0bi0ewc._.js:3272
[     701ms] [ERROR] Failed to load resource: the server responded with a status of 500 (Internal Server Error) @ http://localhost:3000/api/matchup:0
[  124887ms] [LOG] [Fast Refresh] rebuilding @ http://localhost:3000/_next/static/chunks/11y7_next_dist_0bi0ewc._.js:2431
[  124961ms] [LOG] [Fast Refresh] done in 44ms @ http://localhost:3000/_next/static/chunks/11y7_next_dist_0bi0ewc._.js:2431
[  126373ms] [ERROR] Failed to load resource: the server responded with a status of 500 (Internal Server Error) @ http://localhost:3000/api/matchup:0
[  126672ms] [LOG] [Fast Refresh] rebuilding @ http://localhost:3000/_next/static/chunks/11y7_next_dist_0bi0ewc._.js:2431
[  126717ms] [LOG] [Fast Refresh] done in 36ms @ http://localhost:3000/_next/static/chunks/11y7_next_dist_0bi0ewc._.js:2431
[  128191ms] [LOG] [Fast Refresh] rebuilding @ http://localhost:3000/_next/static/chunks/11y7_next_dist_0bi0ewc._.js:2431
[  128221ms] [LOG] [Fast Refresh] done in 55ms @ http://localhost:3000/_next/static/chunks/11y7_next_dist_0bi0ewc._.js:2431
[  128314ms] [ERROR] Failed to load resource: the server responded with a status of 500 (Internal Server Error) @ http://localhost:3000/api/matchup:0
