[     103ms] [INFO] %cDownload the React DevTools for a better development experience: https://react.dev/link/react-devtools font-weight:bold @ http://localhost:3000/_next/static/chunks/11y7_next_dist_0bi0ewc._.js:2431
[     115ms] [LOG] [HMR] connected @ http://localhost:3000/_next/static/chunks/11y7_next_dist_0bi0ewc._.js:2431
[     131ms] [ERROR] A tree hydrated but some attributes of the server rendered HTML didn't match the client properties. This won't be patched up. This can happen if a SSR-ed Client Component used:

- A server/client branch `if (typeof window !== 'undefined')`.
- Variable input such as `Date.now()` or `Math.random()` which changes each time it's called.
- Date formatting in a user's locale which doesn't match the server.
- External changing data without sending a snapshot of it along with the HTML.
- Invalid HTML tag nesting.

It can also happen if the client has a browser extension installed which messes with the HTML before React loaded.

%s%s https://react.dev/link/hydration-mismatch 

  ...
    <HTTPAccessFallbackBoundary notFound={{...}} forbidden={undefined} unauthorized={undefined}>
      <HTTPAccessFallbackErrorBoundary pathname="/" notFound={{...}} forbidden={undefined} unauthorized={undefined} ...>
        <RedirectBoundary>
          <RedirectErrorBoundary router={{...}}>
            <InnerLayoutRouter url="/" tree={[...]} params={{}} cacheNode={{rsc:{...}, ...}} segmentPath={[...]} ...>
              <SegmentViewNode type="page" pagePath="page.tsx">
                <SegmentTrieNode>
                <ClientPageRoot Component={function VotePage} serverProvidedParams={{...}}>
                  <VotePage params={Promise} searchParams={Promise}>
                    <div className="h-dvh flex...">
                      <Header>
                      <main className="flex-1 fle...">
                        <section>
                        <div className="grid grid-...">
                          <VoiceCard label="Profile A" name="Voice A" variant="a" isPlaying={false} isLoading={false} ...>
                            <div className="group bg-s...">
                              <div>
                              <div
+                               className="flex justify-center items-center py-1"
-                               className="flex justify-center items-center flex-1 py-2"
                              >
                              ...
                          <VoiceCard label="Profile B" name="Voice B" variant="b" isPlaying={false} isLoading={false} ...>
                            <div className="group bg-s...">
                              <div>
                              <div
+                               className="flex justify-center items-center py-1"
-                               className="flex justify-center items-center flex-1 py-2"
                              >
                              ...
                        <div className="w-full max...">
                          <VoteRow category="Empathy" selected={null} onSelect={function onSelect}>
                            <div className="grid grid-...">
                              <span>
                              <div className="flex gap-2">
                                <button
                                  onClick={function onClick}
+                                 className="w-16 h-11 rounded-xl text-sm font-black transition-all bg-surface-contain..."
-                                 className="w-20 h-14 rounded-xl text-lg font-black transition-all bg-surface-contain..."
                                >
+                                 A
                                <button
                                  onClick={function onClick}
+                                 className="w-16 h-11 rounded-xl text-sm font-black transition-all bg-surface-contain..."
-                                 className="w-20 h-14 rounded-xl text-lg font-black transition-all bg-surface-contain..."
                                >
+                                 B
                          <VoteRow category="Authority" selected={null} onSelect={function onSelect}>
                            <div className="grid grid-...">
                              <span>
                              <div className="flex gap-2">
                                <button
                                  onClick={function onClick}
+                                 className="w-16 h-11 rounded-xl text-sm font-black transition-all bg-surface-contain..."
-                                 className="w-20 h-14 rounded-xl text-lg font-black transition-all bg-surface-contain..."
                                >
+                                 A
                                <button
                                  onClick={function onClick}
+                                 className="w-16 h-11 rounded-xl text-sm font-black transition-all bg-surface-contain..."
-                                 className="w-20 h-14 rounded-xl text-lg font-black transition-all bg-surface-contain..."
                                >
+                                 B
                          <VoteRow category="Energy" selected={null} onSelect={function onSelect}>
                            <div className="grid grid-...">
                              <span>
                              <div className="flex gap-2">
                                <button
                                  onClick={function onClick}
+                                 className="w-16 h-11 rounded-xl text-sm font-black transition-all bg-surface-contain..."
-                                 className="w-20 h-14 rounded-xl text-lg font-black transition-all bg-surface-contain..."
                                >
+                                 A
                                <button
                                  onClick={function onClick}
+                                 className="w-16 h-11 rounded-xl text-sm font-black transition-all bg-surface-contain..."
-                                 className="w-20 h-14 rounded-xl text-lg font-black transition-all bg-surface-contain..."
                                >
+                                 B
                      ...
              ...
            ...
 @ http://localhost:3000/_next/static/chunks/11y7_next_dist_0bi0ewc._.js:3272
[     723ms] [ERROR] Failed to load resource: the server responded with a status of 500 (Internal Server Error) @ http://localhost:3000/api/matchup:0
[   32523ms] [LOG] [Fast Refresh] rebuilding @ http://localhost:3000/_next/static/chunks/11y7_next_dist_0bi0ewc._.js:2431
[   32564ms] [LOG] [Fast Refresh] done in 79ms @ http://localhost:3000/_next/static/chunks/11y7_next_dist_0bi0ewc._.js:2431
[   32902ms] [ERROR] Failed to load resource: the server responded with a status of 500 (Internal Server Error) @ http://localhost:3000/api/matchup:0
[   39042ms] [LOG] [Fast Refresh] rebuilding @ http://localhost:3000/_next/static/chunks/11y7_next_dist_0bi0ewc._.js:2431
[   39098ms] [LOG] [Fast Refresh] done in 36ms @ http://localhost:3000/_next/static/chunks/11y7_next_dist_0bi0ewc._.js:2431
[   39267ms] [ERROR] Failed to load resource: the server responded with a status of 500 (Internal Server Error) @ http://localhost:3000/api/matchup:0
