[     115ms] [INFO] %cDownload the React DevTools for a better development experience: https://react.dev/link/react-devtools font-weight:bold @ http://localhost:3000/_next/static/chunks/11y7_next_dist_0bi0ewc._.js:2431
[     154ms] [LOG] [HMR] connected @ http://localhost:3000/_next/static/chunks/11y7_next_dist_0bi0ewc._.js:2431
[     181ms] [ERROR] A tree hydrated but some attributes of the server rendered HTML didn't match the client properties. This won't be patched up. This can happen if a SSR-ed Client Component used:

- A server/client branch `if (typeof window !== 'undefined')`.
- Variable input such as `Date.now()` or `Math.random()` which changes each time it's called.
- Date formatting in a user's locale which doesn't match the server.
- External changing data without sending a snapshot of it along with the HTML.
- Invalid HTML tag nesting.

It can also happen if the client has a browser extension installed which messes with the HTML before React loaded.

%s%s https://react.dev/link/hydration-mismatch 

  ...
    <ScrollAndMaybeFocusHandler cacheNode={{rsc:{...}, ...}}>
      <InnerScrollAndFocusHandlerOld focusAndScrollRef={{scrollRef:null, ...}} cacheNode={{rsc:{...}, ...}}>
        <ErrorBoundary errorComponent={undefined} errorStyles={undefined} errorScripts={undefined}>
          <LoadingBoundary name="/" loading={null}>
            <HTTPAccessFallbackBoundary notFound={{...}} forbidden={undefined} unauthorized={undefined}>
              <HTTPAccessFallbackErrorBoundary pathname="/" notFound={{...}} forbidden={undefined} ...>
                <RedirectBoundary>
                  <RedirectErrorBoundary router={{...}}>
                    <InnerLayoutRouter url="/" tree={[...]} params={{}} cacheNode={{rsc:{...}, ...}} segmentPath={[...]} ...>
                      <SegmentViewNode type="page" pagePath="page.tsx">
                        <SegmentTrieNode>
                        <ClientPageRoot Component={function VotePage} serverProvidedParams={{...}}>
                          <VotePage params={Promise} searchParams={Promise}>
                            <div className="h-dvh flex...">
                              <Header>
                                <header className="bg-surface...">
                                  <div
+                                   className="flex items-center justify-between w-full px-6 py-3 max-w-screen-xl mx-auto"
-                                   className="flex items-center justify-between w-full px-6 py-4 max-w-screen-xl mx-auto"
                                  >
                              <main
+                               className="flex-1 min-h-0 flex flex-col items-center justify-start px-4 py-2 gap-3"
-                               className="flex-1 flex flex-col items-center justify-start px-4 py-2 overflow-hidden g..."
                              >
                                <section
+                                 className="w-full max-w-2xl text-center"
-                                 className="w-full max-w-2xl text-center shrink-0"
                                >
                                <div
+                                 className="grid grid-cols-2 gap-3 w-full max-w-xl min-h-0"
-                                 className="grid grid-cols-2 gap-3 w-full max-w-xl shrink-0"
                                >
                                  <VoiceCard label="Profile A" name="Voice A" variant="a" isPlaying={false} ...>
                                    <div className="group bg-s...">
                                      <div>
                                      <div
+                                       className="flex justify-center items-center py-1"
-                                       className="flex justify-center items-center flex-1 py-2"
                                      >
                                        <button
                                          onClick={function onPlay}
                                          disabled={false}
+                                         className="w-14 h-14 rounded-full bg-[#d095ff] flex items-center justify-cen..."
-                                         className="w-16 h-16 rounded-full bg-[#d095ff] flex items-center justify-cen..."
                                        >
                                      ...
                                  <VoiceCard label="Profile B" name="Voice B" variant="b" isPlaying={false} ...>
                                    <div className="group bg-s...">
                                      <div>
                                      <div
+                                       className="flex justify-center items-center py-1"
-                                       className="flex justify-center items-center flex-1 py-2"
                                      >
                                        <button
                                          onClick={function onPlay}
                                          disabled={false}
+                                         className="w-14 h-14 rounded-full bg-accent-cyan flex items-center justify-c..."
-                                         className="w-16 h-16 rounded-full bg-accent-cyan flex items-center justify-c..."
                                        >
                                      ...
                                <div
+                                 className="w-full max-w-xl space-y-3 pb-3"
-                                 className="w-full max-w-xl space-y-3 shrink-0 pb-3"
                                >
                                  <VoteRow category="Empathy" selected={null} onSelect={function onSelect}>
                                    <div className="grid grid-...">
                                      <span>
                                      <div className="flex gap-2">
                                        <button
                                          onClick={function onClick}
+                                         className="w-16 h-11 rounded-xl text-sm font-black transition-all bg-surface..."
-                                         className="w-20 h-14 rounded-xl text-lg font-black transition-all bg-surface..."
                                        >
+                                         A
                                        <button
                                          onClick={function onClick}
+                                         className="w-16 h-11 rounded-xl text-sm font-black transition-all bg-surface..."
-                                         className="w-20 h-14 rounded-xl text-lg font-black transition-all bg-surface..."
                                        >
+                                         B
                                  <VoteRow category="Authority" selected={null} onSelect={function onSelect}>
                                    <div className="grid grid-...">
                                      <span>
                                      <div className="flex gap-2">
                                        <button
                                          onClick={function onClick}
+                                         className="w-16 h-11 rounded-xl text-sm font-black transition-all bg-surface..."
-                                         className="w-20 h-14 rounded-xl text-lg font-black transition-all bg-surface..."
                                        >
+                                         A
                                        <button
                                          onClick={function onClick}
+                                         className="w-16 h-11 rounded-xl text-sm font-black transition-all bg-surface..."
-                                         className="w-20 h-14 rounded-xl text-lg font-black transition-all bg-surface..."
                                        >
+                                         B
                                  <VoteRow category="Energy" selected={null} onSelect={function onSelect}>
                                    <div className="grid grid-...">
                                      <span>
                                      <div className="flex gap-2">
                                        <button
                                          onClick={function onClick}
+                                         className="w-16 h-11 rounded-xl text-sm font-black transition-all bg-surface..."
-                                         className="w-20 h-14 rounded-xl text-lg font-black transition-all bg-surface..."
                                        >
+                                         A
                                        <button
                                          onClick={function onClick}
+                                         className="w-16 h-11 rounded-xl text-sm font-black transition-all bg-surface..."
-                                         className="w-20 h-14 rounded-xl text-lg font-black transition-all bg-surface..."
                                        >
+                                         B
                              <BottomNav>
                                <nav
+                                 className="shrink-0 w-full flex justify-around items-center pt-3 pb-[max(1rem,env(sa..."
-                                 className="shrink-0 w-full flex justify-around items-center pt-3 pb-8 px-12 bg-[#131..."
                                >
                      ...
                    ...
        ...
 @ http://localhost:3000/_next/static/chunks/11y7_next_dist_0bi0ewc._.js:3272
[   24658ms] [LOG] [Fast Refresh] rebuilding @ http://localhost:3000/_next/static/chunks/11y7_next_dist_0bi0ewc._.js:2431
[   24848ms] [LOG] [Fast Refresh] done in 291ms @ http://localhost:3000/_next/static/chunks/11y7_next_dist_0bi0ewc._.js:2431
[   28908ms] [LOG] [Fast Refresh] rebuilding @ http://localhost:3000/_next/static/chunks/11y7_next_dist_0bi0ewc._.js:2431
[   28984ms] [LOG] [Fast Refresh] done in 177ms @ http://localhost:3000/_next/static/chunks/11y7_next_dist_0bi0ewc._.js:2431
[   31375ms] [LOG] [Fast Refresh] rebuilding @ http://localhost:3000/_next/static/chunks/11y7_next_dist_0bi0ewc._.js:2431
[   31439ms] [LOG] [Fast Refresh] done in 21ms @ http://localhost:3000/_next/static/chunks/11y7_next_dist_0bi0ewc._.js:2431
[   51393ms] [LOG] [Fast Refresh] rebuilding @ http://localhost:3000/_next/static/chunks/11y7_next_dist_0bi0ewc._.js:2431
[   51424ms] [LOG] [Fast Refresh] done in 25ms @ http://localhost:3000/_next/static/chunks/11y7_next_dist_0bi0ewc._.js:2431
[   62379ms] [LOG] [Fast Refresh] rebuilding @ http://localhost:3000/_next/static/chunks/11y7_next_dist_0bi0ewc._.js:2431
[   62412ms] [LOG] [Fast Refresh] done in 50ms @ http://localhost:3000/_next/static/chunks/11y7_next_dist_0bi0ewc._.js:2431
