[     105ms] [INFO] %cDownload the React DevTools for a better development experience: https://react.dev/link/react-devtools font-weight:bold @ http://localhost:3847/_next/static/chunks/11y7_next_dist_0bi0ewc._.js:2431
[     119ms] [LOG] [HMR] connected @ http://localhost:3847/_next/static/chunks/11y7_next_dist_0bi0ewc._.js:2431
[     154ms] [ERROR] A tree hydrated but some attributes of the server rendered HTML didn't match the client properties. This won't be patched up. This can happen if a SSR-ed Client Component used:

- A server/client branch `if (typeof window !== 'undefined')`.
- Variable input such as `Date.now()` or `Math.random()` which changes each time it's called.
- Date formatting in a user's locale which doesn't match the server.
- External changing data without sending a snapshot of it along with the HTML.
- Invalid HTML tag nesting.

It can also happen if the client has a browser extension installed which messes with the HTML before React loaded.

%s%s https://react.dev/link/hydration-mismatch 

  ...
    <ScrollAndMaybeFocusHandler cacheNode={{rsc:{...}, ...}}>
      <InnerScrollAndFocusHandlerOld focusAndScrollRef={{scrollRef:null, ...}} cacheNode={{rsc:{...}, ...}}>
        <ErrorBoundary errorComponent={undefined} errorStyles={undefined} errorScripts={undefined}>
          <LoadingBoundary name="/" loading={null}>
            <HTTPAccessFallbackBoundary notFound={{...}} forbidden={undefined} unauthorized={undefined}>
              <HTTPAccessFallbackErrorBoundary pathname="/" notFound={{...}} forbidden={undefined} ...>
                <RedirectBoundary>
                  <RedirectErrorBoundary router={{...}}>
                    <InnerLayoutRouter url="/" tree={[...]} params={{}} cacheNode={{rsc:{...}, ...}} segmentPath={[...]} ...>
                      <SegmentViewNode type="page" pagePath="page.tsx">
                        <SegmentTrieNode>
                        <ClientPageRoot Component={function VotePage} serverProvidedParams={{...}}>
                          <VotePage params={Promise} searchParams={Promise}>
                            <div className="h-dvh flex...">
                              <Header>
                              <main
+                               className="flex-1 flex flex-col items-center justify-center px-4 py-1 overflow-hidden ..."
-                               className="flex-1 flex flex-col items-center justify-center px-4 py-2 overflow-hidden ..."
                              >
                                <section>
                                <div className="grid grid-...">
                                  <VoiceCard label="Profile A" name="Voice A" variant="a" isPlaying={false} ...>
                                    <div
+                                     className="group bg-surface-container-low rounded-xl p-4 border border-white/5 r..."
-                                     className="group bg-surface-container-low rounded-xl p-4 border border-white/5 r..."
                                    >
                                      <div>
                                      <div>
                                      <div
+                                       className="flex items-end justify-around h-8 w-full"
-                                       className="flex items-end gap-0.5 h-8 w-full"
                                      >
                                        <div
                                          className={"waveform-bar "}
                                          style={{
+                                           height: "20%"
-                                           height: "20%"
-                                           flex-grow: "1"
-                                           flex-shrink: "1"
-                                           flex-basis: "0%"
                                          }}
                                        >
                                        <div
                                          className={"waveform-bar "}
                                          style={{
+                                           height: "45%"
-                                           height: "45%"
-                                           flex-grow: "1"
-                                           flex-shrink: "1"
-                                           flex-basis: "0%"
                                          }}
                                        >
                                        <div
                                          className={"waveform-bar "}
                                          style={{
+                                           height: "30%"
-                                           height: "30%"
-                                           flex-grow: "1"
-                                           flex-shrink: "1"
-                                           flex-basis: "0%"
                                          }}
                                        >
                                        <div
                                          className={"waveform-bar "}
                                          style={{
+                                           height: "60%"
-                                           height: "60%"
-                                           flex-grow: "1"
-                                           flex-shrink: "1"
-                                           flex-basis: "0%"
                                          }}
                                        >
                                        <div
                                          className={"waveform-bar "}
                                          style={{
+                                           height: "85%"
-                                           height: "85%"
-                                           flex-grow: "1"
-                                           flex-shrink: "1"
-                                           flex-basis: "0%"
                                          }}
                                        >
                                        <div
                                          className={"waveform-bar "}
                                          style={{
+                                           height: "70%"
-                                           height: "70%"
-                                           flex-grow: "1"
-                                           flex-shrink: "1"
-                                           flex-basis: "0%"
                                          }}
                                        >
                                        <div
                                          className={"waveform-bar "}
                                          style={{
+                                           height: "90%"
-                                           height: "90%"
-                                           flex-grow: "1"
-                                           flex-shrink: "1"
-                                           flex-basis: "0%"
                                          }}
                                        >
                                        <div
                                          className={"waveform-bar "}
                                          style={{
+                                           height: "40%"
-                                           height: "40%"
-                                           flex-grow: "1"
-                                           flex-shrink: "1"
-                                           flex-basis: "0%"
                                          }}
                                        >
                                        <div
                                          className={"waveform-bar "}
                                          style={{
+                                           height: "55%"
-                                           height: "55%"
-                                           flex-grow: "1"
-                                           flex-shrink: "1"
-                                           flex-basis: "0%"
                                          }}
                                        >
                                        <div
                                          className={"waveform-bar "}
                                          style={{
+                                           height: "75%"
-                                           height: "75%"
-                                           flex-grow: "1"
-                                           flex-shrink: "1"
-                                           flex-basis: "0%"
                                          }}
                                        >
                                  <VoiceCard label="Profile B" name="Voice B" variant="b" isPlaying={false} ...>
                                    <div
+                                     className="group bg-surface-container-low rounded-xl p-4 border border-white/5 r..."
-                                     className="group bg-surface-container-low rounded-xl p-4 border border-white/5 r..."
                                    >
                                      <div>
                                      <div>
                                      <div
+                                       className="flex items-end justify-around h-8 w-full"
-                                       className="flex items-end gap-0.5 h-8 w-full"
                                      >
                                        <div
                                          className={"waveform-bar "}
                                          style={{
+                                           height: "30%"
-                                           height: "30%"
-                                           flex-grow: "1"
-                                           flex-shrink: "1"
-                                           flex-basis: "0%"
                                          }}
                                        >
                                        <div
                                          className={"waveform-bar "}
                                          style={{
+                                           height: "20%"
-                                           height: "20%"
-                                           flex-grow: "1"
-                                           flex-shrink: "1"
-                                           flex-basis: "0%"
                                          }}
                                        >
                                        <div
                                          className={"waveform-bar "}
                                          style={{
+                                           height: "50%"
-                                           height: "50%"
-                                           flex-grow: "1"
-                                           flex-shrink: "1"
-                                           flex-basis: "0%"
                                          }}
                                        >
                                        <div
                                          className={"waveform-bar "}
                                          style={{
+                                           height: "70%"
-                                           height: "70%"
-                                           flex-grow: "1"
-                                           flex-shrink: "1"
-                                           flex-basis: "0%"
                                          }}
                                        >
                                        <div
                                          className={"waveform-bar "}
                                          style={{
+                                           height: "40%"
-                                           height: "40%"
-                                           flex-grow: "1"
-                                           flex-shrink: "1"
-                                           flex-basis: "0%"
                                          }}
                                        >
                                        <div
                                          className={"waveform-bar "}
                                          style={{
+                                           height: "60%"
-                                           height: "60%"
-                                           flex-grow: "1"
-                                           flex-shrink: "1"
-                                           flex-basis: "0%"
                                          }}
                                        >
                                        <div
                                          className={"waveform-bar "}
                                          style={{
+                                           height: "80%"
-                                           height: "80%"
-                                           flex-grow: "1"
-                                           flex-shrink: "1"
-                                           flex-basis: "0%"
                                          }}
                                        >
                                        <div
                                          className={"waveform-bar "}
                                          style={{
+                                           height: "45%"
-                                           height: "45%"
-                                           flex-grow: "1"
-                                           flex-shrink: "1"
-                                           flex-basis: "0%"
                                          }}
                                        >
                                        <div
                                          className={"waveform-bar "}
                                          style={{
+                                           height: "55%"
-                                           height: "55%"
-                                           flex-grow: "1"
-                                           flex-shrink: "1"
-                                           flex-basis: "0%"
                                          }}
                                        >
                                        <div
                                          className={"waveform-bar "}
                                          style={{
+                                           height: "35%"
-                                           height: "35%"
-                                           flex-grow: "1"
-                                           flex-shrink: "1"
-                                           flex-basis: "0%"
                                          }}
                                        >
                                <div
+                                 className="w-full max-w-xl space-y-2 shrink-0"
-                                 className="w-full max-w-xl space-y-3 shrink-0"
                                >
                                  <VoteRow category="Empathy" selected={null} onSelect={function onSelect}>
                                    <div className="grid grid-...">
                                      <span>
                                      <div className="flex gap-2">
                                        <button
                                          onClick={function onClick}
+                                         className="w-20 h-12 rounded-xl text-lg font-black transition-all bg-surface..."
-                                         className="w-20 h-14 rounded-xl text-lg font-black transition-all bg-surface..."
                                        >
+                                         A
                                        <button
                                          onClick={function onClick}
+                                         className="w-20 h-12 rounded-xl text-lg font-black transition-all bg-surface..."
-                                         className="w-20 h-14 rounded-xl text-lg font-black transition-all bg-surface..."
                                        >
+                                         B
                                  <VoteRow category="Authority" selected={null} onSelect={function onSelect}>
                                    <div className="grid grid-...">
                                      <span>
                                      <div className="flex gap-2">
                                        <button
                                          onClick={function onClick}
+                                         className="w-20 h-12 rounded-xl text-lg font-black transition-all bg-surface..."
-                                         className="w-20 h-14 rounded-xl text-lg font-black transition-all bg-surface..."
                                        >
+                                         A
                                        <button
                                          onClick={function onClick}
+                                         className="w-20 h-12 rounded-xl text-lg font-black transition-all bg-surface..."
-                                         className="w-20 h-14 rounded-xl text-lg font-black transition-all bg-surface..."
                                        >
+                                         B
                                  <VoteRow category="Energy" selected={null} onSelect={function onSelect}>
                                    <div className="grid grid-...">
                                      <span>
                                      <div className="flex gap-2">
                                        <button
                                          onClick={function onClick}
+                                         className="w-20 h-12 rounded-xl text-lg font-black transition-all bg-surface..."
-                                         className="w-20 h-14 rounded-xl text-lg font-black transition-all bg-surface..."
                                        >
+                                         A
                                        <button
                                          onClick={function onClick}
+                                         className="w-20 h-12 rounded-xl text-lg font-black transition-all bg-surface..."
-                                         className="w-20 h-14 rounded-xl text-lg font-black transition-all bg-surface..."
                                        >
+                                         B
                                <div
+                                 className="w-full max-w-xs shrink-0 pt-1 pb-2"
-                                 className="w-full max-w-xs shrink-0 pt-2 pb-4"
                                >
                              ...
                      ...
                    ...
        ...
 @ http://localhost:3847/_next/static/chunks/11y7_next_dist_0bi0ewc._.js:3272
[     294ms] [LOG] [Fast Refresh] rebuilding @ http://localhost:3847/_next/static/chunks/11y7_next_dist_0bi0ewc._.js:2431
[     300ms] [LOG] [Fast Refresh] done in 108ms @ http://localhost:3847/_next/static/chunks/11y7_next_dist_0bi0ewc._.js:2431
[     475ms] [ERROR] Failed to load resource: the server responded with a status of 500 (Internal Server Error) @ http://localhost:3847/api/matchup:0
[   27616ms] [LOG] [Fast Refresh] rebuilding @ http://localhost:3847/_next/static/chunks/11y7_next_dist_0bi0ewc._.js:2431
[   27647ms] [LOG] [Fast Refresh] done in 29ms @ http://localhost:3847/_next/static/chunks/11y7_next_dist_0bi0ewc._.js:2431
[   61778ms] [ERROR] Failed to load resource: the server responded with a status of 500 (Internal Server Error) @ http://localhost:3847/api/matchup:0
[   61871ms] [ERROR] Failed to load resource: the server responded with a status of 500 (Internal Server Error) @ http://localhost:3847/api/matchup:0
[   66273ms] [ERROR] Failed to load resource: the server responded with a status of 500 (Internal Server Error) @ http://localhost:3847/api/matchup:0
[   66369ms] [ERROR] Failed to load resource: the server responded with a status of 500 (Internal Server Error) @ http://localhost:3847/api/matchup:0
[   69966ms] [ERROR] Failed to load resource: the server responded with a status of 500 (Internal Server Error) @ http://localhost:3847/api/matchup:0
[   70036ms] [ERROR] Failed to load resource: the server responded with a status of 500 (Internal Server Error) @ http://localhost:3847/api/matchup:0
[   73206ms] [ERROR] Failed to load resource: the server responded with a status of 500 (Internal Server Error) @ http://localhost:3847/api/matchup:0
[   73272ms] [ERROR] Failed to load resource: the server responded with a status of 500 (Internal Server Error) @ http://localhost:3847/api/matchup:0
[   75859ms] [ERROR] Failed to load resource: the server responded with a status of 500 (Internal Server Error) @ http://localhost:3847/api/matchup:0
[   75930ms] [ERROR] Failed to load resource: the server responded with a status of 500 (Internal Server Error) @ http://localhost:3847/api/matchup:0
[   78913ms] [ERROR] Failed to load resource: the server responded with a status of 500 (Internal Server Error) @ http://localhost:3847/api/matchup:0
[   78982ms] [ERROR] Failed to load resource: the server responded with a status of 500 (Internal Server Error) @ http://localhost:3847/api/matchup:0
[   82034ms] [ERROR] Failed to load resource: the server responded with a status of 500 (Internal Server Error) @ http://localhost:3847/api/matchup:0
[   82102ms] [ERROR] Failed to load resource: the server responded with a status of 500 (Internal Server Error) @ http://localhost:3847/api/matchup:0
